mode: set
github.com/Hareesh108/haruDB/internal/storage/memory.go:31.44,40.16 4 1
github.com/Hareesh108/haruDB/internal/storage/memory.go:40.16,43.3 1 0
github.com/Hareesh108/haruDB/internal/storage/memory.go:46.2,49.19 2 1
github.com/Hareesh108/haruDB/internal/storage/memory.go:49.19,50.46 1 1
github.com/Hareesh108/haruDB/internal/storage/memory.go:50.46,52.4 1 0
github.com/Hareesh108/haruDB/internal/storage/memory.go:55.2,55.11 1 1
github.com/Hareesh108/haruDB/internal/storage/memory.go:58.71,60.42 2 1
github.com/Hareesh108/haruDB/internal/storage/memory.go:60.42,62.3 1 0
github.com/Hareesh108/haruDB/internal/storage/memory.go:65.2,65.19 1 1
github.com/Hareesh108/haruDB/internal/storage/memory.go:65.19,69.73 2 1
github.com/Hareesh108/haruDB/internal/storage/memory.go:69.73,71.4 1 0
github.com/Hareesh108/haruDB/internal/storage/memory.go:75.2,78.54 2 1
github.com/Hareesh108/haruDB/internal/storage/memory.go:78.54,80.3 1 0
github.com/Hareesh108/haruDB/internal/storage/memory.go:83.2,83.19 1 1
github.com/Hareesh108/haruDB/internal/storage/memory.go:83.19,84.50 1 1
github.com/Hareesh108/haruDB/internal/storage/memory.go:84.50,86.4 1 0
github.com/Hareesh108/haruDB/internal/storage/memory.go:89.2,89.46 1 1
github.com/Hareesh108/haruDB/internal/storage/memory.go:92.70,95.13 3 1
github.com/Hareesh108/haruDB/internal/storage/memory.go:95.13,97.3 1 0
github.com/Hareesh108/haruDB/internal/storage/memory.go:98.2,98.39 1 1
github.com/Hareesh108/haruDB/internal/storage/memory.go:98.39,100.3 1 0
github.com/Hareesh108/haruDB/internal/storage/memory.go:103.2,103.19 1 1
github.com/Hareesh108/haruDB/internal/storage/memory.go:103.19,107.72 2 1
github.com/Hareesh108/haruDB/internal/storage/memory.go:107.72,109.4 1 0
github.com/Hareesh108/haruDB/internal/storage/memory.go:113.2,118.44 3 1
github.com/Hareesh108/haruDB/internal/storage/memory.go:118.44,120.3 1 0
github.com/Hareesh108/haruDB/internal/storage/memory.go:123.2,123.19 1 1
github.com/Hareesh108/haruDB/internal/storage/memory.go:123.19,124.50 1 1
github.com/Hareesh108/haruDB/internal/storage/memory.go:124.50,126.4 1 0
github.com/Hareesh108/haruDB/internal/storage/memory.go:129.2,129.25 1 1
github.com/Hareesh108/haruDB/internal/storage/memory.go:132.56,135.13 3 0
github.com/Hareesh108/haruDB/internal/storage/memory.go:135.13,137.3 1 0
github.com/Hareesh108/haruDB/internal/storage/memory.go:139.2,140.33 2 0
github.com/Hareesh108/haruDB/internal/storage/memory.go:140.33,142.3 1 0
github.com/Hareesh108/haruDB/internal/storage/memory.go:143.2,143.26 1 0
github.com/Hareesh108/haruDB/internal/storage/memory.go:143.26,145.3 1 0
github.com/Hareesh108/haruDB/internal/storage/memory.go:146.2,146.15 1 0
github.com/Hareesh108/haruDB/internal/storage/memory.go:150.84,153.13 3 1
github.com/Hareesh108/haruDB/internal/storage/memory.go:153.13,155.3 1 0
github.com/Hareesh108/haruDB/internal/storage/memory.go:157.2,157.49 1 1
github.com/Hareesh108/haruDB/internal/storage/memory.go:157.49,159.3 1 0
github.com/Hareesh108/haruDB/internal/storage/memory.go:161.2,161.39 1 1
github.com/Hareesh108/haruDB/internal/storage/memory.go:161.39,163.3 1 0
github.com/Hareesh108/haruDB/internal/storage/memory.go:166.2,166.19 1 1
github.com/Hareesh108/haruDB/internal/storage/memory.go:166.19,171.72 2 1
github.com/Hareesh108/haruDB/internal/storage/memory.go:171.72,173.4 1 0
github.com/Hareesh108/haruDB/internal/storage/memory.go:177.2,182.44 3 1
github.com/Hareesh108/haruDB/internal/storage/memory.go:182.44,184.3 1 0
github.com/Hareesh108/haruDB/internal/storage/memory.go:187.2,187.19 1 1
github.com/Hareesh108/haruDB/internal/storage/memory.go:187.19,188.50 1 1
github.com/Hareesh108/haruDB/internal/storage/memory.go:188.50,190.4 1 0
github.com/Hareesh108/haruDB/internal/storage/memory.go:193.2,193.24 1 1
github.com/Hareesh108/haruDB/internal/storage/memory.go:197.67,200.13 3 1
github.com/Hareesh108/haruDB/internal/storage/memory.go:200.13,202.3 1 0
github.com/Hareesh108/haruDB/internal/storage/memory.go:204.2,204.49 1 1
github.com/Hareesh108/haruDB/internal/storage/memory.go:204.49,206.3 1 0
github.com/Hareesh108/haruDB/internal/storage/memory.go:209.2,209.19 1 1
github.com/Hareesh108/haruDB/internal/storage/memory.go:209.19,213.72 2 1
github.com/Hareesh108/haruDB/internal/storage/memory.go:213.72,215.4 1 0
github.com/Hareesh108/haruDB/internal/storage/memory.go:219.2,224.44 3 1
github.com/Hareesh108/haruDB/internal/storage/memory.go:224.44,226.3 1 0
github.com/Hareesh108/haruDB/internal/storage/memory.go:229.2,229.19 1 1
github.com/Hareesh108/haruDB/internal/storage/memory.go:229.19,230.50 1 1
github.com/Hareesh108/haruDB/internal/storage/memory.go:230.50,232.4 1 0
github.com/Hareesh108/haruDB/internal/storage/memory.go:235.2,235.24 1 1
github.com/Hareesh108/haruDB/internal/storage/memory.go:239.56,242.13 3 0
github.com/Hareesh108/haruDB/internal/storage/memory.go:242.13,244.3 1 0
github.com/Hareesh108/haruDB/internal/storage/memory.go:247.2,247.19 1 0
github.com/Hareesh108/haruDB/internal/storage/memory.go:247.19,248.75 1 0
github.com/Hareesh108/haruDB/internal/storage/memory.go:248.75,250.4 1 0
github.com/Hareesh108/haruDB/internal/storage/memory.go:254.2,258.68 3 0
github.com/Hareesh108/haruDB/internal/storage/memory.go:258.68,260.3 1 0
github.com/Hareesh108/haruDB/internal/storage/memory.go:263.2,263.19 1 0
github.com/Hareesh108/haruDB/internal/storage/memory.go:263.19,264.50 1 0
github.com/Hareesh108/haruDB/internal/storage/memory.go:264.50,266.4 1 0
github.com/Hareesh108/haruDB/internal/storage/memory.go:269.2,269.51 1 0
github.com/Hareesh108/haruDB/internal/storage/memory.go:274.77,279.13 4 1
github.com/Hareesh108/haruDB/internal/storage/memory.go:279.13,281.3 1 0
github.com/Hareesh108/haruDB/internal/storage/memory.go:284.2,285.34 2 1
github.com/Hareesh108/haruDB/internal/storage/memory.go:285.34,286.22 1 1
github.com/Hareesh108/haruDB/internal/storage/memory.go:286.22,288.9 2 1
github.com/Hareesh108/haruDB/internal/storage/memory.go:291.2,291.18 1 1
github.com/Hareesh108/haruDB/internal/storage/memory.go:291.18,293.3 1 0
github.com/Hareesh108/haruDB/internal/storage/memory.go:296.2,296.26 1 1
github.com/Hareesh108/haruDB/internal/storage/memory.go:296.26,298.3 1 0
github.com/Hareesh108/haruDB/internal/storage/memory.go:300.2,300.45 1 1
github.com/Hareesh108/haruDB/internal/storage/memory.go:300.45,302.3 1 1
github.com/Hareesh108/haruDB/internal/storage/memory.go:305.2,306.42 2 1
github.com/Hareesh108/haruDB/internal/storage/memory.go:306.42,307.23 1 0
github.com/Hareesh108/haruDB/internal/storage/memory.go:307.23,309.9 2 0
github.com/Hareesh108/haruDB/internal/storage/memory.go:312.2,312.12 1 1
github.com/Hareesh108/haruDB/internal/storage/memory.go:312.12,314.3 1 1
github.com/Hareesh108/haruDB/internal/storage/memory.go:317.2,320.44 2 1
github.com/Hareesh108/haruDB/internal/storage/memory.go:320.44,322.3 1 0
github.com/Hareesh108/haruDB/internal/storage/memory.go:324.2,324.70 1 1
github.com/Hareesh108/haruDB/internal/storage/memory.go:328.77,331.13 3 1
github.com/Hareesh108/haruDB/internal/storage/memory.go:331.13,333.3 1 0
github.com/Hareesh108/haruDB/internal/storage/memory.go:336.2,339.26 2 1
github.com/Hareesh108/haruDB/internal/storage/memory.go:339.26,340.50 1 1
github.com/Hareesh108/haruDB/internal/storage/memory.go:340.50,341.42 1 1
github.com/Hareesh108/haruDB/internal/storage/memory.go:341.42,342.32 1 1
github.com/Hareesh108/haruDB/internal/storage/memory.go:342.32,343.41 1 1
github.com/Hareesh108/haruDB/internal/storage/memory.go:343.41,345.7 1 1
github.com/Hareesh108/haruDB/internal/storage/memory.go:347.5,347.26 1 1
github.com/Hareesh108/haruDB/internal/storage/memory.go:347.26,349.6 1 0
github.com/Hareesh108/haruDB/internal/storage/memory.go:350.5,350.18 1 1
github.com/Hareesh108/haruDB/internal/storage/memory.go:353.4,354.17 2 1
github.com/Hareesh108/haruDB/internal/storage/memory.go:359.2,360.34 2 1
github.com/Hareesh108/haruDB/internal/storage/memory.go:360.34,361.22 1 1
github.com/Hareesh108/haruDB/internal/storage/memory.go:361.22,363.9 2 1
github.com/Hareesh108/haruDB/internal/storage/memory.go:366.2,366.18 1 1
github.com/Hareesh108/haruDB/internal/storage/memory.go:366.18,368.3 1 0
github.com/Hareesh108/haruDB/internal/storage/memory.go:369.2,370.33 2 1
github.com/Hareesh108/haruDB/internal/storage/memory.go:370.33,371.27 1 1
github.com/Hareesh108/haruDB/internal/storage/memory.go:371.27,374.4 2 1
github.com/Hareesh108/haruDB/internal/storage/memory.go:376.2,376.18 1 1
github.com/Hareesh108/haruDB/internal/storage/memory.go:376.18,378.3 1 0
github.com/Hareesh108/haruDB/internal/storage/memory.go:379.2,379.15 1 1
github.com/Hareesh108/haruDB/internal/storage/memory.go:383.74,384.26 1 1
github.com/Hareesh108/haruDB/internal/storage/memory.go:384.26,386.3 1 0
github.com/Hareesh108/haruDB/internal/storage/memory.go:387.2,388.9 2 1
github.com/Hareesh108/haruDB/internal/storage/memory.go:388.9,391.3 2 1
github.com/Hareesh108/haruDB/internal/storage/memory.go:391.8,393.22 1 1
github.com/Hareesh108/haruDB/internal/storage/memory.go:393.22,395.4 1 1
github.com/Hareesh108/haruDB/internal/storage/memory.go:398.2,399.34 2 1
github.com/Hareesh108/haruDB/internal/storage/memory.go:399.34,400.22 1 1
github.com/Hareesh108/haruDB/internal/storage/memory.go:400.22,402.9 2 1
github.com/Hareesh108/haruDB/internal/storage/memory.go:405.2,405.18 1 1
github.com/Hareesh108/haruDB/internal/storage/memory.go:405.18,407.3 1 0
github.com/Hareesh108/haruDB/internal/storage/memory.go:408.2,408.34 1 1
github.com/Hareesh108/haruDB/internal/storage/memory.go:408.34,409.24 1 1
github.com/Hareesh108/haruDB/internal/storage/memory.go:409.24,412.4 2 1
github.com/Hareesh108/haruDB/internal/storage/memory.go:417.53,418.52 1 1
github.com/Hareesh108/haruDB/internal/storage/memory.go:418.52,420.3 1 0
github.com/Hareesh108/haruDB/internal/storage/memory.go:421.2,421.43 1 1
github.com/Hareesh108/haruDB/internal/storage/memory.go:421.43,423.3 1 1
github.com/Hareesh108/haruDB/internal/storage/memory.go:427.70,428.52 1 1
github.com/Hareesh108/haruDB/internal/storage/memory.go:428.52,430.3 1 1
github.com/Hareesh108/haruDB/internal/storage/memory.go:431.2,432.43 2 0
github.com/Hareesh108/haruDB/internal/storage/memory.go:432.43,435.35 2 0
github.com/Hareesh108/haruDB/internal/storage/memory.go:435.35,436.16 1 0
github.com/Hareesh108/haruDB/internal/storage/memory.go:436.16,438.10 2 0
github.com/Hareesh108/haruDB/internal/storage/memory.go:441.3,441.41 1 0
github.com/Hareesh108/haruDB/internal/storage/memory.go:441.41,442.12 1 0
github.com/Hareesh108/haruDB/internal/storage/memory.go:444.3,445.27 2 0
github.com/Hareesh108/haruDB/internal/storage/memory.go:445.27,447.4 1 0
github.com/Hareesh108/haruDB/internal/storage/memory.go:448.3,448.39 1 0
github.com/Hareesh108/haruDB/internal/storage/memory.go:448.39,450.4 1 0
github.com/Hareesh108/haruDB/internal/storage/memory.go:451.3,451.70 1 0
github.com/Hareesh108/haruDB/internal/storage/persist.go:21.51,24.2 2 1
github.com/Hareesh108/haruDB/internal/storage/persist.go:29.47,38.16 3 1
github.com/Hareesh108/haruDB/internal/storage/persist.go:38.16,40.3 1 0
github.com/Hareesh108/haruDB/internal/storage/persist.go:42.2,47.16 4 1
github.com/Hareesh108/haruDB/internal/storage/persist.go:47.16,49.3 1 0
github.com/Hareesh108/haruDB/internal/storage/persist.go:50.2,53.48 2 1
github.com/Hareesh108/haruDB/internal/storage/persist.go:53.48,57.3 3 0
github.com/Hareesh108/haruDB/internal/storage/persist.go:60.2,60.40 1 1
github.com/Hareesh108/haruDB/internal/storage/persist.go:60.40,64.3 3 0
github.com/Hareesh108/haruDB/internal/storage/persist.go:67.2,67.41 1 1
github.com/Hareesh108/haruDB/internal/storage/persist.go:67.41,70.3 2 0
github.com/Hareesh108/haruDB/internal/storage/persist.go:73.2,73.55 1 1
github.com/Hareesh108/haruDB/internal/storage/persist.go:73.55,75.58 1 0
github.com/Hareesh108/haruDB/internal/storage/persist.go:75.58,77.59 1 0
github.com/Hareesh108/haruDB/internal/storage/persist.go:77.59,79.21 1 0
github.com/Hareesh108/haruDB/internal/storage/persist.go:83.3,84.80 2 0
github.com/Hareesh108/haruDB/internal/storage/persist.go:90.2,90.37 1 1
github.com/Hareesh108/haruDB/internal/storage/persist.go:90.37,92.3 1 0
github.com/Hareesh108/haruDB/internal/storage/persist.go:94.2,94.12 1 1
github.com/Hareesh108/haruDB/internal/storage/persist.go:98.40,100.16 2 1
github.com/Hareesh108/haruDB/internal/storage/persist.go:100.16,103.3 1 0
github.com/Hareesh108/haruDB/internal/storage/persist.go:105.2,105.28 1 1
github.com/Hareesh108/haruDB/internal/storage/persist.go:105.28,106.16 1 1
github.com/Hareesh108/haruDB/internal/storage/persist.go:106.16,107.12 1 0
github.com/Hareesh108/haruDB/internal/storage/persist.go:109.3,109.42 1 1
github.com/Hareesh108/haruDB/internal/storage/persist.go:109.42,110.12 1 1
github.com/Hareesh108/haruDB/internal/storage/persist.go:112.3,114.17 3 1
github.com/Hareesh108/haruDB/internal/storage/persist.go:114.17,116.12 1 0
github.com/Hareesh108/haruDB/internal/storage/persist.go:118.3,119.52 2 1
github.com/Hareesh108/haruDB/internal/storage/persist.go:119.52,121.12 1 0
github.com/Hareesh108/haruDB/internal/storage/persist.go:123.3,124.22 2 1
github.com/Hareesh108/haruDB/internal/storage/persist.go:124.22,126.4 1 1
github.com/Hareesh108/haruDB/internal/storage/persist.go:127.3,135.26 3 1
github.com/Hareesh108/haruDB/internal/storage/persist.go:137.2,137.12 1 1
github.com/Hareesh108/haruDB/internal/storage/persist.go:142.32,144.16 2 1
github.com/Hareesh108/haruDB/internal/storage/persist.go:144.16,146.3 1 0
github.com/Hareesh108/haruDB/internal/storage/persist.go:147.2,149.17 2 1
github.com/Hareesh108/haruDB/internal/storage/wal.go:45.57,50.16 3 1
github.com/Hareesh108/haruDB/internal/storage/wal.go:50.16,52.3 1 0
github.com/Hareesh108/haruDB/internal/storage/wal.go:54.2,61.16 2 1
github.com/Hareesh108/haruDB/internal/storage/wal.go:65.37,69.23 3 0
github.com/Hareesh108/haruDB/internal/storage/wal.go:69.23,71.3 1 0
github.com/Hareesh108/haruDB/internal/storage/wal.go:72.2,72.12 1 0
github.com/Hareesh108/haruDB/internal/storage/wal.go:76.100,89.16 5 1
github.com/Hareesh108/haruDB/internal/storage/wal.go:89.16,91.3 1 0
github.com/Hareesh108/haruDB/internal/storage/wal.go:94.2,97.78 2 1
github.com/Hareesh108/haruDB/internal/storage/wal.go:97.78,99.3 1 0
github.com/Hareesh108/haruDB/internal/storage/wal.go:102.2,102.54 1 1
github.com/Hareesh108/haruDB/internal/storage/wal.go:102.54,104.3 1 0
github.com/Hareesh108/haruDB/internal/storage/wal.go:107.2,107.42 1 1
github.com/Hareesh108/haruDB/internal/storage/wal.go:107.42,109.3 1 0
github.com/Hareesh108/haruDB/internal/storage/wal.go:111.2,111.12 1 1
github.com/Hareesh108/haruDB/internal/storage/wal.go:115.47,130.16 6 1
github.com/Hareesh108/haruDB/internal/storage/wal.go:130.16,132.3 1 0
github.com/Hareesh108/haruDB/internal/storage/wal.go:135.2,138.78 2 1
github.com/Hareesh108/haruDB/internal/storage/wal.go:138.78,140.3 1 0
github.com/Hareesh108/haruDB/internal/storage/wal.go:143.2,143.54 1 1
github.com/Hareesh108/haruDB/internal/storage/wal.go:143.54,145.3 1 0
github.com/Hareesh108/haruDB/internal/storage/wal.go:148.2,148.42 1 1
github.com/Hareesh108/haruDB/internal/storage/wal.go:148.42,150.3 1 0
github.com/Hareesh108/haruDB/internal/storage/wal.go:152.2,152.12 1 1
github.com/Hareesh108/haruDB/internal/storage/wal.go:156.53,161.23 3 1
github.com/Hareesh108/haruDB/internal/storage/wal.go:161.23,163.3 1 1
github.com/Hareesh108/haruDB/internal/storage/wal.go:166.2,167.16 2 1
github.com/Hareesh108/haruDB/internal/storage/wal.go:167.16,168.25 1 0
github.com/Hareesh108/haruDB/internal/storage/wal.go:168.25,171.4 1 0
github.com/Hareesh108/haruDB/internal/storage/wal.go:172.3,172.67 1 0
github.com/Hareesh108/haruDB/internal/storage/wal.go:174.2,178.6 3 1
github.com/Hareesh108/haruDB/internal/storage/wal.go:178.6,181.75 2 1
github.com/Hareesh108/haruDB/internal/storage/wal.go:181.75,182.28 1 1
github.com/Hareesh108/haruDB/internal/storage/wal.go:182.28,183.10 1 1
github.com/Hareesh108/haruDB/internal/storage/wal.go:185.4,185.65 1 0
github.com/Hareesh108/haruDB/internal/storage/wal.go:189.3,190.50 2 1
github.com/Hareesh108/haruDB/internal/storage/wal.go:190.50,192.4 1 0
github.com/Hareesh108/haruDB/internal/storage/wal.go:195.3,196.58 2 1
github.com/Hareesh108/haruDB/internal/storage/wal.go:196.58,198.4 1 0
github.com/Hareesh108/haruDB/internal/storage/wal.go:207.3,207.52 1 1
github.com/Hareesh108/haruDB/internal/storage/wal.go:207.52,209.4 1 0
github.com/Hareesh108/haruDB/internal/storage/wal.go:213.2,214.16 2 1
github.com/Hareesh108/haruDB/internal/storage/wal.go:214.16,216.3 1 0
github.com/Hareesh108/haruDB/internal/storage/wal.go:218.2,218.12 1 1
github.com/Hareesh108/haruDB/internal/storage/wal.go:222.72,223.20 1 1
github.com/Hareesh108/haruDB/internal/storage/wal.go:224.24,225.58 1 1
github.com/Hareesh108/haruDB/internal/storage/wal.go:225.58,226.58 1 1
github.com/Hareesh108/haruDB/internal/storage/wal.go:226.58,228.33 2 1
github.com/Hareesh108/haruDB/internal/storage/wal.go:228.33,230.6 1 1
github.com/Hareesh108/haruDB/internal/storage/wal.go:231.5,236.49 2 1
github.com/Hareesh108/haruDB/internal/storage/wal.go:240.18,241.58 1 1
github.com/Hareesh108/haruDB/internal/storage/wal.go:241.58,242.56 1 1
github.com/Hareesh108/haruDB/internal/storage/wal.go:242.56,244.32 2 1
github.com/Hareesh108/haruDB/internal/storage/wal.go:244.32,246.6 1 1
github.com/Hareesh108/haruDB/internal/storage/wal.go:247.5,247.60 1 1
github.com/Hareesh108/haruDB/internal/storage/wal.go:247.60,250.6 2 1
github.com/Hareesh108/haruDB/internal/storage/wal.go:254.18,255.58 1 0
github.com/Hareesh108/haruDB/internal/storage/wal.go:255.58,256.55 1 0
github.com/Hareesh108/haruDB/internal/storage/wal.go:256.55,257.57 1 0
github.com/Hareesh108/haruDB/internal/storage/wal.go:257.57,259.33 2 0
github.com/Hareesh108/haruDB/internal/storage/wal.go:259.33,261.7 1 0
github.com/Hareesh108/haruDB/internal/storage/wal.go:262.6,262.61 1 0
github.com/Hareesh108/haruDB/internal/storage/wal.go:262.61,263.42 1 0
github.com/Hareesh108/haruDB/internal/storage/wal.go:263.42,266.8 2 0
github.com/Hareesh108/haruDB/internal/storage/wal.go:272.18,273.58 1 0
github.com/Hareesh108/haruDB/internal/storage/wal.go:273.58,274.55 1 0
github.com/Hareesh108/haruDB/internal/storage/wal.go:274.55,275.60 1 0
github.com/Hareesh108/haruDB/internal/storage/wal.go:275.60,276.41 1 0
github.com/Hareesh108/haruDB/internal/storage/wal.go:276.41,280.7 2 0
github.com/Hareesh108/haruDB/internal/storage/wal.go:285.22,287.43 2 0
github.com/Hareesh108/haruDB/internal/storage/wal.go:289.22,291.34 1 1
github.com/Hareesh108/haruDB/internal/storage/wal.go:294.2,294.12 1 1
github.com/Hareesh108/haruDB/internal/storage/wal.go:298.43,303.23 3 0
github.com/Hareesh108/haruDB/internal/storage/wal.go:303.23,305.3 1 0
github.com/Hareesh108/haruDB/internal/storage/wal.go:308.2,308.51 1 0
github.com/Hareesh108/haruDB/internal/storage/wal.go:308.51,310.3 1 0
github.com/Hareesh108/haruDB/internal/storage/wal.go:313.2,315.16 3 0
github.com/Hareesh108/haruDB/internal/storage/wal.go:315.16,317.3 1 0
github.com/Hareesh108/haruDB/internal/storage/wal.go:319.2,319.12 1 0
